{"uuid": "e736edea-4c30-4c5d-9867-9e4bc397f63b", "children": ["3140ea3f-1079-4d7f-a542-93f5cad80dc6"], "befores": [{"name": "navigate_to_checkout_step_two", "status": "broken", "statusDetails": {"message": "selenium.common.exceptions.TimeoutException: Message: Can't find element ('id', 'checkout')\nStacktrace:\n#0 0x5b32b95c0c5a <unknown>\n#1 0x5b32b92a3e2c <unknown>\n#2 0x5b32b92f0661 <unknown>\n#3 0x5b32b92f0751 <unknown>\n#4 0x5b32b9334f64 <unknown>\n#5 0x5b32b93135ed <unknown>\n#6 0x5b32b9332303 <unknown>\n#7 0x5b32b9313363 <unknown>\n#8 0x5b32b92e3247 <unknown>\n#9 0x5b32b92e3b9e <unknown>\n#10 0x5b32b958722b <unknown>\n#11 0x5b32b958b2d1 <unknown>\n#12 0x5b32b9572ade <unknown>\n#13 0x5b32b958be32 <unknown>\n#14 0x5b32b955777f <unknown>\n#15 0x5b32b95b0618 <unknown>\n#16 0x5b32b95b07f0 <unknown>\n#17 0x5b32b95bfd8c <unknown>\n#18 0x71cd07494ac3 <unknown>\n\n", "trace": "  File \"/media/grifftih/Linux/TestCases/SwagLabs/.venv/lib/python3.10/site-packages/pluggy/_callers.py\", line 167, in _multicall\n    teardown.throw(outcome._exception)\n  File \"/media/grifftih/Linux/TestCases/SwagLabs/.venv/lib/python3.10/site-packages/_pytest/setuponly.py\", line 36, in pytest_fixture_setup\n    return (yield)\n  File \"/media/grifftih/Linux/TestCases/SwagLabs/.venv/lib/python3.10/site-packages/pluggy/_callers.py\", line 103, in _multicall\n    res = hook_impl.function(*args)\n  File \"/media/grifftih/Linux/TestCases/SwagLabs/.venv/lib/python3.10/site-packages/_pytest/fixtures.py\", line 1140, in pytest_fixture_setup\n    result = call_fixture_func(fixturefunc, request, kwargs)\n  File \"/media/grifftih/Linux/TestCases/SwagLabs/.venv/lib/python3.10/site-packages/_pytest/fixtures.py\", line 898, in call_fixture_func\n    fixture_result = fixturefunc(**kwargs)\n  File \"/media/grifftih/Linux/TestCases/SwagLabs/tests/test_checkout_page_step_two.py\", line 30, in navigate_to_checkout_step_two\n    cart_page.button_checkout()\n  File \"/media/grifftih/Linux/TestCases/SwagLabs/pages/cart_page.py\", line 20, in button_checkout\n    self.find_element(CarTPage.CHECKOUT_BUTTON).click()\n  File \"/media/grifftih/Linux/TestCases/SwagLabs/pages/base_page.py\", line 14, in find_element\n    return WebDriverWait(self.driver, timeout=60).until(EC.presence_of_element_located(locator),\n  File \"/media/grifftih/Linux/TestCases/SwagLabs/.venv/lib/python3.10/site-packages/selenium/webdriver/support/wait.py\", line 105, in until\n    raise TimeoutException(message, screen, stacktrace)\n"}, "steps": [{"name": "Авторизация и добавление товара в корзину", "status": "passed", "start": 1733928810596, "stop": 1733928815230}, {"name": "Добавляем товары в корзину", "status": "passed", "start": 1733928815231, "stop": 1733928815926}, {"name": "Переходим к оформлению заказа", "status": "broken", "statusDetails": {"message": "selenium.common.exceptions.TimeoutException: Message: Can't find element ('id', 'checkout')\nStacktrace:\n#0 0x5b32b95c0c5a <unknown>\n#1 0x5b32b92a3e2c <unknown>\n#2 0x5b32b92f0661 <unknown>\n#3 0x5b32b92f0751 <unknown>\n#4 0x5b32b9334f64 <unknown>\n#5 0x5b32b93135ed <unknown>\n#6 0x5b32b9332303 <unknown>\n#7 0x5b32b9313363 <unknown>\n#8 0x5b32b92e3247 <unknown>\n#9 0x5b32b92e3b9e <unknown>\n#10 0x5b32b958722b <unknown>\n#11 0x5b32b958b2d1 <unknown>\n#12 0x5b32b9572ade <unknown>\n#13 0x5b32b958be32 <unknown>\n#14 0x5b32b955777f <unknown>\n#15 0x5b32b95b0618 <unknown>\n#16 0x5b32b95b07f0 <unknown>\n#17 0x5b32b95bfd8c <unknown>\n#18 0x71cd07494ac3 <unknown>\n\n", "trace": "  File \"/media/grifftih/Linux/TestCases/SwagLabs/tests/test_checkout_page_step_two.py\", line 30, in navigate_to_checkout_step_two\n    cart_page.button_checkout()\n  File \"/media/grifftih/Linux/TestCases/SwagLabs/pages/cart_page.py\", line 20, in button_checkout\n    self.find_element(CarTPage.CHECKOUT_BUTTON).click()\n  File \"/media/grifftih/Linux/TestCases/SwagLabs/pages/base_page.py\", line 14, in find_element\n    return WebDriverWait(self.driver, timeout=60).until(EC.presence_of_element_located(locator),\n  File \"/media/grifftih/Linux/TestCases/SwagLabs/.venv/lib/python3.10/site-packages/selenium/webdriver/support/wait.py\", line 105, in until\n    raise TimeoutException(message, screen, stacktrace)\n"}, "start": 1733928815926, "stop": 1733928876514}], "start": 1733928810596, "stop": 1733928876535}], "start": 1733928810596, "stop": 1733928876831}