{"name": "test_finish_checkout", "status": "broken", "statusDetails": {"message": "selenium.common.exceptions.TimeoutException: Message: Can't find elements ('class name', 'inventory_item_name')", "trace": "driver = <undetected_chromedriver.Chrome (session=\"f7aea6c7577c9ee7794db4fcf9b16c40\")>\n\n    @allure.feature(\"Шаг 2 оформление заказа\")\n    @pytest.fixture(scope='function')\n    def navigate_to_checkout_step_two(driver):\n        with allure.step('Авторизация и добавление товара в корзину'):\n            login_page = LogPage(driver)\n            login_page.open(URL)\n            login_page.enter_username(USERNAME)\n            login_page.enter_password(PASSWORD)\n            login_page.click_login_button()\n    \n        with allure.step('Добавляем товары в корзину'):\n            inventory_page = InventoryPage(driver)\n>           inventory_page.add_item_to_cart(\"Sauce Labs Backpack\")\n\ntests/test_checkout_page_step_two.py:24: \n_ _ _ _ _ _ _ _ _ _ _ _ _ _ _ _ _ _ _ _ _ _ _ _ _ _ _ _ _ _ _ _ _ _ _ _ _ _ _ _ _ _ _ _ _ _ _ _ _ _ _ _ _ _ _ _ _ _ _ _ _ _ _ _ _ _ _ _ _ _ _ _ _ _ _ _ _ _ _ _ _ _ _ _ _ _ _ _ _ _ _ _ _ _ _ _ _ _ _ _ _ _ _ _ _ _ _ _ _ _\npages/inventory_page.py:15: in add_item_to_cart\n    items = self.find_elements(InventPage.ITEM_NAME)\npages/base_page.py:18: in find_elements\n    return WebDriverWait(self.driver, timeout=60).until(EC.presence_of_all_elements_located(locator),\n_ _ _ _ _ _ _ _ _ _ _ _ _ _ _ _ _ _ _ _ _ _ _ _ _ _ _ _ _ _ _ _ _ _ _ _ _ _ _ _ _ _ _ _ _ _ _ _ _ _ _ _ _ _ _ _ _ _ _ _ _ _ _ _ _ _ _ _ _ _ _ _ _ _ _ _ _ _ _ _ _ _ _ _ _ _ _ _ _ _ _ _ _ _ _ _ _ _ _ _ _ _ _ _ _ _ _ _ _ _\n\nself = <selenium.webdriver.support.wait.WebDriverWait (session=\"f7aea6c7577c9ee7794db4fcf9b16c40\")>, method = <function presence_of_all_elements_located.<locals>._predicate at 0x7e47450f2440>\nmessage = \"Can't find elements ('class name', 'inventory_item_name')\"\n\n    def until(self, method: Callable[[D], Union[Literal[False], T]], message: str = \"\") -> T:\n        \"\"\"Calls the method provided with the driver as an argument until the \\\n        return value does not evaluate to ``False``.\n    \n        :param method: callable(WebDriver)\n        :param message: optional message for :exc:`TimeoutException`\n        :returns: the result of the last call to `method`\n        :raises: :exc:`selenium.common.exceptions.TimeoutException` if timeout occurs\n        \"\"\"\n        screen = None\n        stacktrace = None\n    \n        end_time = time.monotonic() + self._timeout\n        while True:\n            try:\n                value = method(self._driver)\n                if value:\n                    return value\n            except self._ignored_exceptions as exc:\n                screen = getattr(exc, \"screen\", None)\n                stacktrace = getattr(exc, \"stacktrace\", None)\n            if time.monotonic() > end_time:\n                break\n            time.sleep(self._poll)\n>       raise TimeoutException(message, screen, stacktrace)\nE       selenium.common.exceptions.TimeoutException: Message: Can't find elements ('class name', 'inventory_item_name')\n\n.venv/lib/python3.10/site-packages/selenium/webdriver/support/wait.py:105: TimeoutException"}, "start": 1733928876837, "stop": 1733928876837, "uuid": "a08d4860-da9e-4a5d-9de8-d08cd5ba6bc7", "historyId": "273d227c0f7f142b16d281e60898756c", "testCaseId": "273d227c0f7f142b16d281e60898756c", "fullName": "tests.test_checkout_page_step_two#test_finish_checkout", "labels": [{"name": "story", "value": "Положительные тесты"}, {"name": "parentSuite", "value": "tests"}, {"name": "suite", "value": "test_checkout_page_step_two"}, {"name": "host", "value": "griffith"}, {"name": "thread", "value": "12113-MainThread"}, {"name": "framework", "value": "pytest"}, {"name": "language", "value": "cpython3"}, {"name": "package", "value": "tests.test_checkout_page_step_two"}]}