{"name": "test_checkout_step_two_display", "status": "broken", "statusDetails": {"message": "selenium.common.exceptions.TimeoutException: Message: Can't find element ('id', 'checkout')\nStacktrace:\n#0 0x5b32b95c0c5a <unknown>\n#1 0x5b32b92a3e2c <unknown>\n#2 0x5b32b92f0661 <unknown>\n#3 0x5b32b92f0751 <unknown>\n#4 0x5b32b9334f64 <unknown>\n#5 0x5b32b93135ed <unknown>\n#6 0x5b32b9332303 <unknown>\n#7 0x5b32b9313363 <unknown>\n#8 0x5b32b92e3247 <unknown>\n#9 0x5b32b92e3b9e <unknown>\n#10 0x5b32b958722b <unknown>\n#11 0x5b32b958b2d1 <unknown>\n#12 0x5b32b9572ade <unknown>\n#13 0x5b32b958be32 <unknown>\n#14 0x5b32b955777f <unknown>\n#15 0x5b32b95b0618 <unknown>\n#16 0x5b32b95b07f0 <unknown>\n#17 0x5b32b95bfd8c <unknown>\n#18 0x71cd07494ac3 <unknown>", "trace": "driver = <undetected_chromedriver.Chrome (session=\"f7aea6c7577c9ee7794db4fcf9b16c40\")>\n\n    @allure.feature(\"Шаг 2 оформление заказа\")\n    @pytest.fixture(scope='function')\n    def navigate_to_checkout_step_two(driver):\n        with allure.step('Авторизация и добавление товара в корзину'):\n            login_page = LogPage(driver)\n            login_page.open(URL)\n            login_page.enter_username(USERNAME)\n            login_page.enter_password(PASSWORD)\n            login_page.click_login_button()\n    \n        with allure.step('Добавляем товары в корзину'):\n            inventory_page = InventoryPage(driver)\n            inventory_page.add_item_to_cart(\"Sauce Labs Backpack\")\n            inventory_page.add_item_to_cart(\"Sauce Labs Bike Light\")\n            inventory_page.click_cart_button()\n    \n        with allure.step('Переходим к оформлению заказа'):\n            cart_page = CartPage(driver)\n>           cart_page.button_checkout()\n\ntests/test_checkout_page_step_two.py:30: \n_ _ _ _ _ _ _ _ _ _ _ _ _ _ _ _ _ _ _ _ _ _ _ _ _ _ _ _ _ _ _ _ _ _ _ _ _ _ _ _ _ _ _ _ _ _ _ _ _ _ _ _ _ _ _ _ _ _ _ _ _ _ _ _ _ _ _ _ _ _ _ _ _ _ _ _ _ _ _ _ _ _ _ _ _ _ _ _ _ _ _ _ _ _ _ _ _ _ _ _ _ _ _ _ _ _ _ _ _ _\npages/cart_page.py:20: in button_checkout\n    self.find_element(CarTPage.CHECKOUT_BUTTON).click()\npages/base_page.py:14: in find_element\n    return WebDriverWait(self.driver, timeout=60).until(EC.presence_of_element_located(locator),\n_ _ _ _ _ _ _ _ _ _ _ _ _ _ _ _ _ _ _ _ _ _ _ _ _ _ _ _ _ _ _ _ _ _ _ _ _ _ _ _ _ _ _ _ _ _ _ _ _ _ _ _ _ _ _ _ _ _ _ _ _ _ _ _ _ _ _ _ _ _ _ _ _ _ _ _ _ _ _ _ _ _ _ _ _ _ _ _ _ _ _ _ _ _ _ _ _ _ _ _ _ _ _ _ _ _ _ _ _ _\n\nself = <selenium.webdriver.support.wait.WebDriverWait (session=\"f7aea6c7577c9ee7794db4fcf9b16c40\")>, method = <function presence_of_element_located.<locals>._predicate at 0x7e4745968b80>\nmessage = \"Can't find element ('id', 'checkout')\"\n\n    def until(self, method: Callable[[D], Union[Literal[False], T]], message: str = \"\") -> T:\n        \"\"\"Calls the method provided with the driver as an argument until the \\\n        return value does not evaluate to ``False``.\n    \n        :param method: callable(WebDriver)\n        :param message: optional message for :exc:`TimeoutException`\n        :returns: the result of the last call to `method`\n        :raises: :exc:`selenium.common.exceptions.TimeoutException` if timeout occurs\n        \"\"\"\n        screen = None\n        stacktrace = None\n    \n        end_time = time.monotonic() + self._timeout\n        while True:\n            try:\n                value = method(self._driver)\n                if value:\n                    return value\n            except self._ignored_exceptions as exc:\n                screen = getattr(exc, \"screen\", None)\n                stacktrace = getattr(exc, \"stacktrace\", None)\n            if time.monotonic() > end_time:\n                break\n            time.sleep(self._poll)\n>       raise TimeoutException(message, screen, stacktrace)\nE       selenium.common.exceptions.TimeoutException: Message: Can't find element ('id', 'checkout')\nE       Stacktrace:\nE       #0 0x5b32b95c0c5a <unknown>\nE       #1 0x5b32b92a3e2c <unknown>\nE       #2 0x5b32b92f0661 <unknown>\nE       #3 0x5b32b92f0751 <unknown>\nE       #4 0x5b32b9334f64 <unknown>\nE       #5 0x5b32b93135ed <unknown>\nE       #6 0x5b32b9332303 <unknown>\nE       #7 0x5b32b9313363 <unknown>\nE       #8 0x5b32b92e3247 <unknown>\nE       #9 0x5b32b92e3b9e <unknown>\nE       #10 0x5b32b958722b <unknown>\nE       #11 0x5b32b958b2d1 <unknown>\nE       #12 0x5b32b9572ade <unknown>\nE       #13 0x5b32b958be32 <unknown>\nE       #14 0x5b32b955777f <unknown>\nE       #15 0x5b32b95b0618 <unknown>\nE       #16 0x5b32b95b07f0 <unknown>\nE       #17 0x5b32b95bfd8c <unknown>\nE       #18 0x71cd07494ac3 <unknown>\n\n.venv/lib/python3.10/site-packages/selenium/webdriver/support/wait.py:105: TimeoutException"}, "start": 1733928799503, "stop": 1733928799503, "uuid": "3140ea3f-1079-4d7f-a542-93f5cad80dc6", "historyId": "e09c382af0a25295630db2b2442bd54e", "testCaseId": "e09c382af0a25295630db2b2442bd54e", "fullName": "tests.test_checkout_page_step_two#test_checkout_step_two_display", "labels": [{"name": "story", "value": "Положительные тесты"}, {"name": "parentSuite", "value": "tests"}, {"name": "suite", "value": "test_checkout_page_step_two"}, {"name": "host", "value": "griffith"}, {"name": "thread", "value": "12113-MainThread"}, {"name": "framework", "value": "pytest"}, {"name": "language", "value": "cpython3"}, {"name": "package", "value": "tests.test_checkout_page_step_two"}]}