{"name": "test_add_item_to_cart[Sauce Labs Bike Light-1]", "status": "broken", "statusDetails": {"message": "selenium.common.exceptions.TimeoutException: Message: Can't find elements ('class name', 'inventory_item_name')", "trace": "login_and_go_to_inventory = <pages.inventory_page.InventoryPage object at 0x763105f8f190>, item_name = 'Sauce Labs Bike Light', expected_count = 1\n\n    @allure.story('Положительные тесты страницы товаров')\n    @pytest.mark.parametrize(\n        \"item_name, expected_count\",\n        [\n            (\"Sauce Labs Backpack\", 1),\n            (\"Sauce Labs Bike Light\", 1),\n        ]\n    )\n    def test_add_item_to_cart(login_and_go_to_inventory, item_name, expected_count):\n        inventory_page = login_and_go_to_inventory\n    \n        with allure.step(f'Добавляем товар: {item_name}'):\n>           inventory_page.add_item_to_cart(item_name)\n\ntests/test_inventory_page.py:35: \n_ _ _ _ _ _ _ _ _ _ _ _ _ _ _ _ _ _ _ _ _ _ _ _ _ _ _ _ _ _ _ _ _ _ _ _ _ _ _ _ _ _ _ _ _ _ _ _ _ _ _ _ _ _ _ _ _ _ _ _ _ _ _ _ _ _ _ _ _ _ _ _ _ _ _ _ _ _ _ _ _ _ _ _ _ _ _ _ _ _ _ _ _ _ _ _ _ _ _ _ _ _ _ _ _ _ _ _ _ _\npages/inventory_page.py:15: in add_item_to_cart\n    items = self.find_elements(InventPage.ITEM_NAME)\npages/base_page.py:18: in find_elements\n    return WebDriverWait(self.driver, timeout=20).until(EC.presence_of_all_elements_located(locator),\n_ _ _ _ _ _ _ _ _ _ _ _ _ _ _ _ _ _ _ _ _ _ _ _ _ _ _ _ _ _ _ _ _ _ _ _ _ _ _ _ _ _ _ _ _ _ _ _ _ _ _ _ _ _ _ _ _ _ _ _ _ _ _ _ _ _ _ _ _ _ _ _ _ _ _ _ _ _ _ _ _ _ _ _ _ _ _ _ _ _ _ _ _ _ _ _ _ _ _ _ _ _ _ _ _ _ _ _ _ _\n\nself = <selenium.webdriver.support.wait.WebDriverWait (session=\"9392edd323d488c1c3e337fc5f36c9d2\")>, method = <function presence_of_all_elements_located.<locals>._predicate at 0x763105f51bd0>\nmessage = \"Can't find elements ('class name', 'inventory_item_name')\"\n\n    def until(self, method: Callable[[D], Union[Literal[False], T]], message: str = \"\") -> T:\n        \"\"\"Calls the method provided with the driver as an argument until the \\\n        return value does not evaluate to ``False``.\n    \n        :param method: callable(WebDriver)\n        :param message: optional message for :exc:`TimeoutException`\n        :returns: the result of the last call to `method`\n        :raises: :exc:`selenium.common.exceptions.TimeoutException` if timeout occurs\n        \"\"\"\n        screen = None\n        stacktrace = None\n    \n        end_time = time.monotonic() + self._timeout\n        while True:\n            try:\n                value = method(self._driver)\n                if value:\n                    return value\n            except self._ignored_exceptions as exc:\n                screen = getattr(exc, \"screen\", None)\n                stacktrace = getattr(exc, \"stacktrace\", None)\n            if time.monotonic() > end_time:\n                break\n            time.sleep(self._poll)\n>       raise TimeoutException(message, screen, stacktrace)\nE       selenium.common.exceptions.TimeoutException: Message: Can't find elements ('class name', 'inventory_item_name')\n\n.venv/lib/python3.10/site-packages/selenium/webdriver/support/wait.py:105: TimeoutException"}, "steps": [{"name": "Добавляем товар: Sauce Labs Bike Light", "status": "broken", "statusDetails": {"message": "selenium.common.exceptions.TimeoutException: Message: Can't find elements ('class name', 'inventory_item_name')\n\n", "trace": "  File \"/media/grifftih/Linux/TestCases/SwagLabs/tests/test_inventory_page.py\", line 35, in test_add_item_to_cart\n    inventory_page.add_item_to_cart(item_name)\n  File \"/media/grifftih/Linux/TestCases/SwagLabs/pages/inventory_page.py\", line 15, in add_item_to_cart\n    items = self.find_elements(InventPage.ITEM_NAME)\n  File \"/media/grifftih/Linux/TestCases/SwagLabs/pages/base_page.py\", line 18, in find_elements\n    return WebDriverWait(self.driver, timeout=20).until(EC.presence_of_all_elements_located(locator),\n  File \"/media/grifftih/Linux/TestCases/SwagLabs/.venv/lib/python3.10/site-packages/selenium/webdriver/support/wait.py\", line 105, in until\n    raise TimeoutException(message, screen, stacktrace)\n"}, "start": 1733927373136, "stop": 1733927393366}], "parameters": [{"name": "item_name", "value": "'Sauce Labs Bike Light'"}, {"name": "expected_count", "value": "1"}], "start": 1733927373136, "stop": 1733927393369, "uuid": "34cc4eb1-5c67-4436-8aa7-f03db580f2a5", "historyId": "18a24022b771e169fd54c0458f5d5f23", "testCaseId": "668d9b8285c390d4392b7b2bc58d1fd3", "fullName": "tests.test_inventory_page#test_add_item_to_cart", "labels": [{"name": "story", "value": "Положительные тесты страницы товаров"}, {"name": "parentSuite", "value": "tests"}, {"name": "suite", "value": "test_inventory_page"}, {"name": "host", "value": "griffith"}, {"name": "thread", "value": "9900-MainThread"}, {"name": "framework", "value": "pytest"}, {"name": "language", "value": "cpython3"}, {"name": "package", "value": "tests.test_inventory_page"}]}