{"name": "test_items_in_cart", "status": "broken", "statusDetails": {"message": "selenium.common.exceptions.TimeoutException: Message: Can't find elements ('class name', 'cart_item')", "trace": "login_and_add_items_to_cart = <pages.cart_page.CartPage object at 0x7cc173a465f0>\n\n    @allure.story(\"Положительные тесты корзины\")\n    def test_items_in_cart(login_and_add_items_to_cart):\n        cart_page = login_and_add_items_to_cart\n    \n        with allure.step('Проверяем наличие товаров в корзине'):\n>           items = cart_page.get_cart_item_names()\n\ntests/test_cart_page.py:32: \n_ _ _ _ _ _ _ _ _ _ _ _ _ _ _ _ _ _ _ _ _ _ _ _ _ _ _ _ _ _ _ _ _ _ _ _ _ _ _ _ _ _ _ _ _ _ _ _ _ _ _ _ _ _ _ _ _ _ _ _ _ _ _ _ _ _ _ _ _ _ _ _ _ _ _ _ _ _ _ _ _ _ _ _ _ _ _ _ _ _ _ _ _ _ _ _ _ _ _ _ _ _ _ _ _ _ _ _ _ _\npages/cart_page.py:9: in get_cart_item_names\n    items = self.get_cart_items()\npages/cart_page.py:6: in get_cart_items\n    return self.find_elements(CarTPage.CART_ITEMS)\npages/base_page.py:18: in find_elements\n    return WebDriverWait(self.driver, timeout=20).until(EC.presence_of_all_elements_located(locator),\n_ _ _ _ _ _ _ _ _ _ _ _ _ _ _ _ _ _ _ _ _ _ _ _ _ _ _ _ _ _ _ _ _ _ _ _ _ _ _ _ _ _ _ _ _ _ _ _ _ _ _ _ _ _ _ _ _ _ _ _ _ _ _ _ _ _ _ _ _ _ _ _ _ _ _ _ _ _ _ _ _ _ _ _ _ _ _ _ _ _ _ _ _ _ _ _ _ _ _ _ _ _ _ _ _ _ _ _ _ _\n\nself = <selenium.webdriver.support.wait.WebDriverWait (session=\"2873d15ebf17e462b990d0ad84b19a8a\")>, method = <function presence_of_all_elements_located.<locals>._predicate at 0x7cc173bee830>\nmessage = \"Can't find elements ('class name', 'cart_item')\"\n\n    def until(self, method: Callable[[D], Union[Literal[False], T]], message: str = \"\") -> T:\n        \"\"\"Calls the method provided with the driver as an argument until the \\\n        return value does not evaluate to ``False``.\n    \n        :param method: callable(WebDriver)\n        :param message: optional message for :exc:`TimeoutException`\n        :returns: the result of the last call to `method`\n        :raises: :exc:`selenium.common.exceptions.TimeoutException` if timeout occurs\n        \"\"\"\n        screen = None\n        stacktrace = None\n    \n        end_time = time.monotonic() + self._timeout\n        while True:\n            try:\n                value = method(self._driver)\n                if value:\n                    return value\n            except self._ignored_exceptions as exc:\n                screen = getattr(exc, \"screen\", None)\n                stacktrace = getattr(exc, \"stacktrace\", None)\n            if time.monotonic() > end_time:\n                break\n            time.sleep(self._poll)\n>       raise TimeoutException(message, screen, stacktrace)\nE       selenium.common.exceptions.TimeoutException: Message: Can't find elements ('class name', 'cart_item')\n\n.venv/lib/python3.10/site-packages/selenium/webdriver/support/wait.py:105: TimeoutException"}, "steps": [{"name": "Проверяем наличие товаров в корзине", "status": "broken", "statusDetails": {"message": "selenium.common.exceptions.TimeoutException: Message: Can't find elements ('class name', 'cart_item')\n\n", "trace": "  File \"/media/grifftih/Linux/TestCases/SwagLabs/tests/test_cart_page.py\", line 32, in test_items_in_cart\n    items = cart_page.get_cart_item_names()\n  File \"/media/grifftih/Linux/TestCases/SwagLabs/pages/cart_page.py\", line 9, in get_cart_item_names\n    items = self.get_cart_items()\n  File \"/media/grifftih/Linux/TestCases/SwagLabs/pages/cart_page.py\", line 6, in get_cart_items\n    return self.find_elements(CarTPage.CART_ITEMS)\n  File \"/media/grifftih/Linux/TestCases/SwagLabs/pages/base_page.py\", line 18, in find_elements\n    return WebDriverWait(self.driver, timeout=20).until(EC.presence_of_all_elements_located(locator),\n  File \"/media/grifftih/Linux/TestCases/SwagLabs/.venv/lib/python3.10/site-packages/selenium/webdriver/support/wait.py\", line 105, in until\n    raise TimeoutException(message, screen, stacktrace)\n"}, "start": 1733927085990, "stop": 1733927106268}], "start": 1733927085990, "stop": 1733927106286, "uuid": "b0cd42d3-1d96-4ca9-ad17-923238bff10e", "historyId": "39e16d19257d81424d82dd23b03c5658", "testCaseId": "39e16d19257d81424d82dd23b03c5658", "fullName": "tests.test_cart_page#test_items_in_cart", "labels": [{"name": "story", "value": "Положительные тесты корзины"}, {"name": "parentSuite", "value": "tests"}, {"name": "suite", "value": "test_cart_page"}, {"name": "host", "value": "griffith"}, {"name": "thread", "value": "9408-MainThread"}, {"name": "framework", "value": "pytest"}, {"name": "language", "value": "cpython3"}, {"name": "package", "value": "tests.test_cart_page"}]}