{"name": "test_add_item_to_cart[Sauce Labs Bike Light-1]", "status": "broken", "statusDetails": {"message": "selenium.common.exceptions.TimeoutException: Message: Can't find element ('css selector', \"[data-test='inventory-item-name']\")\nStacktrace:\n#0 0x55ca14308c5a <unknown>\n#1 0x55ca13febe2c <unknown>\n#2 0x55ca14038661 <unknown>\n#3 0x55ca14038751 <unknown>\n#4 0x55ca1407cf64 <unknown>\n#5 0x55ca1405b5ed <unknown>\n#6 0x55ca1407a303 <unknown>\n#7 0x55ca1405b363 <unknown>\n#8 0x55ca1402b247 <unknown>\n#9 0x55ca1402bb9e <unknown>\n#10 0x55ca142cf22b <unknown>\n#11 0x55ca142d32d1 <unknown>\n#12 0x55ca142baade <unknown>\n#13 0x55ca142d3e32 <unknown>\n#14 0x55ca1429f77f <unknown>\n#15 0x55ca142f8618 <unknown>\n#16 0x55ca142f87f0 <unknown>\n#17 0x55ca14307d8c <unknown>\n#18 0x72f5ec894ac3 <unknown>", "trace": "login_and_go_to_inventory = <pages.inventory_page.InventoryPage object at 0x7d4ba913b790>, item_name = 'Sauce Labs Bike Light', expected_count = 1\n\n    @allure.story('Положительные тесты страницы товаров')\n    @pytest.mark.parametrize(\n        \"item_name, expected_count\",\n        [\n            (\"Sauce Labs Backpack\", 1),\n            (\"Sauce Labs Bike Light\", 1),\n        ]\n    )\n    def test_add_item_to_cart(login_and_go_to_inventory, item_name, expected_count):\n        inventory_page = login_and_go_to_inventory\n    \n        with allure.step(f'Добавляем товар: {item_name}'):\n>           inventory_page.add_item_to_cart(item_name)\n\ntests/test_inventory_page.py:35: \n_ _ _ _ _ _ _ _ _ _ _ _ _ _ _ _ _ _ _ _ _ _ _ _ _ _ _ _ _ _ _ _ _ _ _ _ _ _ _ _ _ _ _ _ _ _ _ _ _ _ _ _ _ _ _ _ _ _ _ _ _ _ _ _ _ _ _ _ _ _ _ _ _ _ _ _ _ _ _ _ _ _ _ _ _ _ _ _ _ _ _ _ _ _ _ _ _ _ _ _ _ _ _ _ _ _ _ _ _ _\npages/inventory_page.py:15: in add_item_to_cart\n    items = self.find_element(InventPage.ITEM_NAME)\npages/base_page.py:14: in find_element\n    return WebDriverWait(self.driver, timeout=20).until(EC.presence_of_element_located(locator),\n_ _ _ _ _ _ _ _ _ _ _ _ _ _ _ _ _ _ _ _ _ _ _ _ _ _ _ _ _ _ _ _ _ _ _ _ _ _ _ _ _ _ _ _ _ _ _ _ _ _ _ _ _ _ _ _ _ _ _ _ _ _ _ _ _ _ _ _ _ _ _ _ _ _ _ _ _ _ _ _ _ _ _ _ _ _ _ _ _ _ _ _ _ _ _ _ _ _ _ _ _ _ _ _ _ _ _ _ _ _\n\nself = <selenium.webdriver.support.wait.WebDriverWait (session=\"44f4567aa6647bff1a2867f5b4fc4a98\")>, method = <function presence_of_element_located.<locals>._predicate at 0x7d4ba914c040>\nmessage = 'Can\\'t find element (\\'css selector\\', \"[data-test=\\'inventory-item-name\\']\")'\n\n    def until(self, method: Callable[[D], Union[Literal[False], T]], message: str = \"\") -> T:\n        \"\"\"Calls the method provided with the driver as an argument until the \\\n        return value does not evaluate to ``False``.\n    \n        :param method: callable(WebDriver)\n        :param message: optional message for :exc:`TimeoutException`\n        :returns: the result of the last call to `method`\n        :raises: :exc:`selenium.common.exceptions.TimeoutException` if timeout occurs\n        \"\"\"\n        screen = None\n        stacktrace = None\n    \n        end_time = time.monotonic() + self._timeout\n        while True:\n            try:\n                value = method(self._driver)\n                if value:\n                    return value\n            except self._ignored_exceptions as exc:\n                screen = getattr(exc, \"screen\", None)\n                stacktrace = getattr(exc, \"stacktrace\", None)\n            if time.monotonic() > end_time:\n                break\n            time.sleep(self._poll)\n>       raise TimeoutException(message, screen, stacktrace)\nE       selenium.common.exceptions.TimeoutException: Message: Can't find element ('css selector', \"[data-test='inventory-item-name']\")\nE       Stacktrace:\nE       #0 0x55ca14308c5a <unknown>\nE       #1 0x55ca13febe2c <unknown>\nE       #2 0x55ca14038661 <unknown>\nE       #3 0x55ca14038751 <unknown>\nE       #4 0x55ca1407cf64 <unknown>\nE       #5 0x55ca1405b5ed <unknown>\nE       #6 0x55ca1407a303 <unknown>\nE       #7 0x55ca1405b363 <unknown>\nE       #8 0x55ca1402b247 <unknown>\nE       #9 0x55ca1402bb9e <unknown>\nE       #10 0x55ca142cf22b <unknown>\nE       #11 0x55ca142d32d1 <unknown>\nE       #12 0x55ca142baade <unknown>\nE       #13 0x55ca142d3e32 <unknown>\nE       #14 0x55ca1429f77f <unknown>\nE       #15 0x55ca142f8618 <unknown>\nE       #16 0x55ca142f87f0 <unknown>\nE       #17 0x55ca14307d8c <unknown>\nE       #18 0x72f5ec894ac3 <unknown>\n\n.venv/lib/python3.10/site-packages/selenium/webdriver/support/wait.py:105: TimeoutException"}, "steps": [{"name": "Добавляем товар: Sauce Labs Bike Light", "status": "broken", "statusDetails": {"message": "selenium.common.exceptions.TimeoutException: Message: Can't find element ('css selector', \"[data-test='inventory-item-name']\")\nStacktrace:\n#0 0x55ca14308c5a <unknown>\n#1 0x55ca13febe2c <unknown>\n#2 0x55ca14038661 <unknown>\n#3 0x55ca14038751 <unknown>\n#4 0x55ca1407cf64 <unknown>\n#5 0x55ca1405b5ed <unknown>\n#6 0x55ca1407a303 <unknown>\n#7 0x55ca1405b363 <unknown>\n#8 0x55ca1402b247 <unknown>\n#9 0x55ca1402bb9e <unknown>\n#10 0x55ca142cf22b <unknown>\n#11 0x55ca142d32d1 <unknown>\n#12 0x55ca142baade <unknown>\n#13 0x55ca142d3e32 <unknown>\n#14 0x55ca1429f77f <unknown>\n#15 0x55ca142f8618 <unknown>\n#16 0x55ca142f87f0 <unknown>\n#17 0x55ca14307d8c <unknown>\n#18 0x72f5ec894ac3 <unknown>\n\n", "trace": "  File \"/media/grifftih/Linux/TestCases/SwagLabs/tests/test_inventory_page.py\", line 35, in test_add_item_to_cart\n    inventory_page.add_item_to_cart(item_name)\n  File \"/media/grifftih/Linux/TestCases/SwagLabs/pages/inventory_page.py\", line 15, in add_item_to_cart\n    items = self.find_element(InventPage.ITEM_NAME)\n  File \"/media/grifftih/Linux/TestCases/SwagLabs/pages/base_page.py\", line 14, in find_element\n    return WebDriverWait(self.driver, timeout=20).until(EC.presence_of_element_located(locator),\n  File \"/media/grifftih/Linux/TestCases/SwagLabs/.venv/lib/python3.10/site-packages/selenium/webdriver/support/wait.py\", line 105, in until\n    raise TimeoutException(message, screen, stacktrace)\n"}, "start": 1733925883420, "stop": 1733925903498}], "parameters": [{"name": "item_name", "value": "'Sauce Labs Bike Light'"}, {"name": "expected_count", "value": "1"}], "start": 1733925883419, "stop": 1733925903520, "uuid": "d64059de-c84c-4df1-b6ac-7e7d0d03d7df", "historyId": "18a24022b771e169fd54c0458f5d5f23", "testCaseId": "668d9b8285c390d4392b7b2bc58d1fd3", "fullName": "tests.test_inventory_page#test_add_item_to_cart", "labels": [{"name": "story", "value": "Положительные тесты страницы товаров"}, {"name": "parentSuite", "value": "tests"}, {"name": "suite", "value": "test_inventory_page"}, {"name": "host", "value": "griffith"}, {"name": "thread", "value": "6849-MainThread"}, {"name": "framework", "value": "pytest"}, {"name": "language", "value": "cpython3"}, {"name": "package", "value": "tests.test_inventory_page"}]}